{"C:\\Users\\mende\\FaculdadeAtualizado\\TestesAutomatizados\\CadastrarPlanoDeEnsino\\src\\controllers\\controller.ts": {"path":"C:\\Users\\mende\\FaculdadeAtualizado\\TestesAutomatizados\\CadastrarPlanoDeEnsino\\src\\controllers\\controller.ts","statementMap":{"0":{"start":{"line":13,"column":8},"end":{"line":13,"column":69}},"1":{"start":{"line":14,"column":8},"end":{"line":14,"column":21}},"2":{"start":{"line":18,"column":28},"end":{"line":18,"column":38}},"3":{"start":{"line":20,"column":8},"end":{"line":20,"column":83}},"4":{"start":{"line":21,"column":60},"end":{"line":23,"column":10}},"5":{"start":{"line":24,"column":8},"end":{"line":39,"column":9}},"6":{"start":{"line":25,"column":59},"end":{"line":25,"column":93}},"7":{"start":{"line":26,"column":12},"end":{"line":26,"column":54}},"8":{"start":{"line":28,"column":35},"end":{"line":33,"column":14}},"9":{"start":{"line":34,"column":12},"end":{"line":34,"column":56}},"10":{"start":{"line":36,"column":12},"end":{"line":36,"column":71}},"11":{"start":{"line":37,"column":34},"end":{"line":37,"column":57}},"12":{"start":{"line":38,"column":12},"end":{"line":38,"column":112}},"13":{"start":{"line":9,"column":0},"end":{"line":9,"column":13}}},"fnMap":{"0":{"name":"(anonymous_7)","decl":{"start":{"line":12,"column":4},"end":{"line":12,"column":16}},"loc":{"start":{"line":12,"column":90},"end":{"line":15,"column":5}}},"1":{"name":"(anonymous_8)","decl":{"start":{"line":17,"column":17},"end":{"line":17,"column":23}},"loc":{"start":{"line":17,"column":52},"end":{"line":40,"column":null}}}},"branchMap":{},"s":{"0":4,"1":4,"2":3,"3":3,"4":3,"5":3,"6":3,"7":1,"8":1,"9":1,"10":2,"11":2,"12":2,"13":1},"f":{"0":4,"1":3},"b":{}}
}
