{"C:\\Users\\mende\\FaculdadeAtualizado\\TestesAutomatizados\\CadastrarPlanoDeEnsino\\src\\controllers\\controller.ts": {"path":"C:\\Users\\mende\\FaculdadeAtualizado\\TestesAutomatizados\\CadastrarPlanoDeEnsino\\src\\controllers\\controller.ts","statementMap":{"0":{"start":{"line":13,"column":8},"end":{"line":15,"column":9}},"1":{"start":{"line":14,"column":12},"end":{"line":14,"column":73}},"2":{"start":{"line":16,"column":8},"end":{"line":16,"column":21}},"3":{"start":{"line":20,"column":28},"end":{"line":20,"column":38}},"4":{"start":{"line":22,"column":8},"end":{"line":24,"column":9}},"5":{"start":{"line":23,"column":12},"end":{"line":23,"column":87}},"6":{"start":{"line":25,"column":60},"end":{"line":27,"column":10}},"7":{"start":{"line":28,"column":8},"end":{"line":45,"column":9}},"8":{"start":{"line":29,"column":59},"end":{"line":29,"column":93}},"9":{"start":{"line":30,"column":12},"end":{"line":32,"column":13}},"10":{"start":{"line":31,"column":16},"end":{"line":31,"column":58}},"11":{"start":{"line":34,"column":35},"end":{"line":39,"column":14}},"12":{"start":{"line":40,"column":12},"end":{"line":40,"column":56}},"13":{"start":{"line":42,"column":12},"end":{"line":42,"column":71}},"14":{"start":{"line":43,"column":34},"end":{"line":43,"column":57}},"15":{"start":{"line":44,"column":12},"end":{"line":44,"column":112}},"16":{"start":{"line":9,"column":0},"end":{"line":9,"column":13}}},"fnMap":{"0":{"name":"(anonymous_7)","decl":{"start":{"line":12,"column":4},"end":{"line":12,"column":16}},"loc":{"start":{"line":12,"column":90},"end":{"line":17,"column":5}}},"1":{"name":"(anonymous_8)","decl":{"start":{"line":19,"column":17},"end":{"line":19,"column":23}},"loc":{"start":{"line":19,"column":52},"end":{"line":46,"column":null}}}},"branchMap":{"0":{"loc":{"start":{"line":13,"column":8},"end":{"line":15,"column":9}},"type":"if","locations":[{"start":{"line":13,"column":8},"end":{"line":15,"column":9}}]},"1":{"loc":{"start":{"line":22,"column":8},"end":{"line":24,"column":9}},"type":"if","locations":[{"start":{"line":22,"column":8},"end":{"line":24,"column":9}}]},"2":{"loc":{"start":{"line":30,"column":12},"end":{"line":32,"column":13}},"type":"if","locations":[{"start":{"line":30,"column":12},"end":{"line":32,"column":13}}]}},"s":{"0":10,"1":3,"2":10,"3":8,"4":8,"5":2,"6":8,"7":8,"8":8,"9":3,"10":2,"11":3,"12":3,"13":5,"14":5,"15":5,"16":1},"f":{"0":10,"1":8},"b":{"0":[3],"1":[2],"2":[2]}}
,"C:\\Users\\mende\\FaculdadeAtualizado\\TestesAutomatizados\\CadastrarPlanoDeEnsino\\src\\domain\\usecases\\usecase.ts": {"path":"C:\\Users\\mende\\FaculdadeAtualizado\\TestesAutomatizados\\CadastrarPlanoDeEnsino\\src\\domain\\usecases\\usecase.ts","statementMap":{"0":{"start":{"line":17,"column":12},"end":{"line":28,"column":6}},"1":{"start":{"line":32,"column":22},"end":{"line":32,"column":82}},"2":{"start":{"line":32,"column":48},"end":{"line":32,"column":81}},"3":{"start":{"line":33,"column":8},"end":{"line":35,"column":9}},"4":{"start":{"line":34,"column":12},"end":{"line":34,"column":52}},"5":{"start":{"line":38,"column":8},"end":{"line":40,"column":9}},"6":{"start":{"line":39,"column":12},"end":{"line":39,"column":65}},"7":{"start":{"line":43,"column":41},"end":{"line":43,"column":95}},"8":{"start":{"line":44,"column":8},"end":{"line":46,"column":9}},"9":{"start":{"line":45,"column":12},"end":{"line":45,"column":66}},"10":{"start":{"line":55,"column":8},"end":{"line":57,"column":9}},"11":{"start":{"line":56,"column":12},"end":{"line":56,"column":55}},"12":{"start":{"line":59,"column":8},"end":{"line":63,"column":10}},"13":{"start":{"line":75,"column":8},"end":{"line":75,"column":50}},"14":{"start":{"line":15,"column":0},"end":{"line":15,"column":13}}},"fnMap":{"0":{"name":"(anonymous_7)","decl":{"start":{"line":15,"column":0},"end":{"line":15,"column":13}},"loc":{"start":{"line":15,"column":0},"end":{"line":77,"column":1}}},"1":{"name":"(anonymous_8)","decl":{"start":{"line":30,"column":10},"end":{"line":30,"column":17}},"loc":{"start":{"line":30,"column":57},"end":{"line":64,"column":null}}},"2":{"name":"(anonymous_10)","decl":{"start":{"line":32,"column":39},"end":{"line":32,"column":44}},"loc":{"start":{"line":32,"column":48},"end":{"line":32,"column":81}}},"3":{"name":"(anonymous_11)","decl":{"start":{"line":73,"column":12},"end":{"line":73,"column":42}},"loc":{"start":{"line":73,"column":64},"end":{"line":76,"column":5}}}},"branchMap":{"0":{"loc":{"start":{"line":33,"column":8},"end":{"line":35,"column":9}},"type":"if","locations":[{"start":{"line":33,"column":8},"end":{"line":35,"column":9}}]},"1":{"loc":{"start":{"line":38,"column":8},"end":{"line":40,"column":9}},"type":"if","locations":[{"start":{"line":38,"column":8},"end":{"line":40,"column":9}}]},"2":{"loc":{"start":{"line":44,"column":8},"end":{"line":46,"column":9}},"type":"if","locations":[{"start":{"line":44,"column":8},"end":{"line":46,"column":9}}]},"3":{"loc":{"start":{"line":55,"column":8},"end":{"line":57,"column":9}},"type":"if","locations":[{"start":{"line":55,"column":8},"end":{"line":57,"column":9}}]},"4":{"loc":{"start":{"line":55,"column":12},"end":{"line":55,"column":67}},"type":"binary-expr","locations":[{"start":{"line":55,"column":12},"end":{"line":55,"column":28}},{"start":{"line":55,"column":32},"end":{"line":55,"column":67}}]}},"s":{"0":6,"1":5,"2":12,"3":5,"4":1,"5":4,"6":1,"7":3,"8":3,"9":1,"10":2,"11":1,"12":1,"13":5,"14":1},"f":{"0":6,"1":5,"2":12,"3":5},"b":{"0":[1],"1":[1],"2":[1],"3":[1],"4":[2,1]}}
}
