TN:
SF:src/controllers/controller.ts
FN:12,(anonymous_7)
FN:16,(anonymous_8)
FN:50,(anonymous_10)
FN:63,(anonymous_11)
FNF:4
FNH:4
FNDA:9,(anonymous_7)
FNDA:9,(anonymous_8)
FNDA:9,(anonymous_10)
FNDA:3,(anonymous_11)
DA:9,1
DA:13,9
DA:18,9
DA:20,9
DA:21,2
DA:23,7
DA:24,7
DA:26,7
DA:30,7
DA:33,3
DA:34,2
DA:37,1
DA:42,1
DA:45,4
DA:51,9
DA:53,9
DA:54,1
DA:56,8
DA:57,1
DA:60,7
DA:64,3
DA:65,2
DA:68,1
LF:23
LH:23
BRDA:20,0,0,2
BRDA:20,0,1,7
BRDA:33,1,0,2
BRDA:33,1,1,1
BRDA:53,2,0,1
BRDA:56,3,0,1
BRDA:64,4,0,2
BRDA:64,5,0,3
BRDA:64,5,1,2
BRF:9
BRH:9
end_of_record
TN:
SF:src/data/repositories/consultarcursorepository.ts
FN:9,(anonymous_0)
FN:13,(anonymous_1)
FN:30,(anonymous_2)
FNF:3
FNH:3
FNDA:9,(anonymous_0)
FNDA:4,(anonymous_1)
FNDA:4,(anonymous_2)
DA:5,1
DA:10,9
DA:14,4
DA:15,4
DA:16,3
DA:17,1
DA:19,3
DA:20,1
DA:23,2
DA:25,2
DA:31,4
DA:33,4
DA:36,3
DA:37,2
DA:40,1
DA:43,1
LF:16
LH:16
BRDA:16,0,0,1
BRDA:19,1,0,1
BRDA:36,2,0,2
BRDA:36,3,0,3
BRDA:36,3,1,2
BRF:5
BRH:5
end_of_record
TN:
SF:src/domain/usecases/usecase.ts
FN:21,(anonymous_7)
FN:26,(anonymous_8)
FNF:2
FNH:2
FNDA:6,(anonymous_7)
FNDA:5,(anonymous_8)
DA:16,1
DA:22,6
DA:23,6
DA:27,5
DA:28,1
DA:33,4
DA:34,4
DA:37,1
DA:40,3
DA:41,1
DA:42,2
DA:43,1
DA:45,1
DA:51,1
LF:14
LH:14
BRDA:27,0,0,1
BRDA:40,1,0,1
BRDA:42,2,0,1
BRDA:42,2,1,1
BRF:4
BRH:4
end_of_record
