TN:
SF:src\controllers\controller.ts
FN:12,(anonymous_7)
FN:19,(anonymous_8)
FNF:2
FNH:2
FNDA:10,(anonymous_7)
FNDA:8,(anonymous_8)
DA:9,1
DA:13,10
DA:14,3
DA:16,10
DA:20,8
DA:22,8
DA:23,2
DA:25,8
DA:28,8
DA:29,8
DA:30,3
DA:31,2
DA:34,3
DA:40,3
DA:42,5
DA:43,5
DA:44,5
LF:17
LH:17
BRDA:13,0,0,3
BRDA:22,1,0,2
BRDA:30,2,0,2
BRF:3
BRH:3
end_of_record
TN:
SF:src\domain\usecases\usecase.ts
FN:15,(anonymous_7)
FN:30,(anonymous_8)
FN:32,(anonymous_10)
FN:73,(anonymous_11)
FNF:4
FNH:4
FNDA:6,(anonymous_7)
FNDA:5,(anonymous_8)
FNDA:12,(anonymous_10)
FNDA:5,(anonymous_11)
DA:15,1
DA:17,6
DA:32,12
DA:33,5
DA:34,1
DA:38,4
DA:39,1
DA:43,3
DA:44,3
DA:45,1
DA:55,2
DA:56,1
DA:59,1
DA:75,5
LF:14
LH:14
BRDA:33,0,0,1
BRDA:38,1,0,1
BRDA:44,2,0,1
BRDA:55,3,0,1
BRDA:55,4,0,2
BRDA:55,4,1,1
BRF:6
BRH:6
end_of_record
